<?xml version="1.0" encoding="UTF-8"?>
<testng-results ignored="0" total="3" passed="3" failed="0" skipped="0">
  <reporter-output>
  </reporter-output>
  <suite started-at="2023-02-14T22:19:14 GMT-05:00" name="Default suite" finished-at="2023-02-14T22:19:22 GMT-05:00" duration-ms="8392">
    <groups>
      <group name="regression">
        <method signature="PIMTest.verifyPimPageTitle()[pri:3, instance:test.PIMTest@742ff096]" name="verifyPimPageTitle" class="test.PIMTest"/>
        <method signature="PIMTest.verifyEmpSearchEmpId()[pri:4, instance:test.PIMTest@742ff096]" name="verifyEmpSearchEmpId" class="test.PIMTest"/>
        <method signature="PIMTest.TestIngChanges()[pri:5, instance:test.PIMTest@742ff096]" name="TestIngChanges" class="test.PIMTest"/>
      </group> <!-- regression -->
      <group name="smoke">
        <method signature="PIMTest.verifyPimPageTitle()[pri:3, instance:test.PIMTest@742ff096]" name="verifyPimPageTitle" class="test.PIMTest"/>
        <method signature="PIMTest.verifyEmpSearchEmpId()[pri:4, instance:test.PIMTest@742ff096]" name="verifyEmpSearchEmpId" class="test.PIMTest"/>
        <method signature="PIMTest.TestIngChanges()[pri:5, instance:test.PIMTest@742ff096]" name="TestIngChanges" class="test.PIMTest"/>
      </group> <!-- smoke -->
    </groups>
    <test started-at="2023-02-14T22:19:14 GMT-05:00" name="Default test" finished-at="2023-02-14T22:19:22 GMT-05:00" duration-ms="8392">
      <class name="test.PIMTest">
        <test-method is-config="true" signature="initBrowser()[pri:0, instance:test.PIMTest@742ff096]" started-at="2023-02-14T22:19:00 GMT-05:00" name="initBrowser" finished-at="2023-02-14T22:19:14 GMT-05:00" duration-ms="14312" status="PASS">
          <reporter-output>
          </reporter-output>
        </test-method> <!-- initBrowser -->
        <test-method is-config="true" signature="pageObjects()[pri:0, instance:test.PIMTest@742ff096]" started-at="2023-02-14T22:19:14 GMT-05:00" name="pageObjects" finished-at="2023-02-14T22:19:14 GMT-05:00" duration-ms="29" status="PASS">
          <reporter-output>
          </reporter-output>
        </test-method> <!-- pageObjects -->
        <test-method is-config="true" signature="login()[pri:0, instance:test.PIMTest@742ff096]" started-at="2023-02-14T22:19:14 GMT-05:00" name="login" finished-at="2023-02-14T22:19:17 GMT-05:00" duration-ms="3167" status="PASS">
          <reporter-output>
          </reporter-output>
        </test-method> <!-- login -->
        <test-method signature="verifyPimPageTitle()[pri:3, instance:test.PIMTest@742ff096]" started-at="2023-02-14T22:19:17 GMT-05:00" name="verifyPimPageTitle" finished-at="2023-02-14T22:19:19 GMT-05:00" duration-ms="1935" status="PASS">
          <reporter-output>
          </reporter-output>
        </test-method> <!-- verifyPimPageTitle -->
        <test-method signature="verifyEmpSearchEmpId()[pri:4, instance:test.PIMTest@742ff096]" started-at="2023-02-14T22:19:19 GMT-05:00" name="verifyEmpSearchEmpId" finished-at="2023-02-14T22:19:19 GMT-05:00" duration-ms="151" status="PASS">
          <reporter-output>
          </reporter-output>
        </test-method> <!-- verifyEmpSearchEmpId -->
        <test-method signature="TestIngChanges()[pri:5, instance:test.PIMTest@742ff096]" started-at="2023-02-14T22:19:19 GMT-05:00" name="TestIngChanges" finished-at="2023-02-14T22:19:19 GMT-05:00" duration-ms="2" status="PASS">
          <reporter-output>
          </reporter-output>
        </test-method> <!-- TestIngChanges -->
        <test-method is-config="true" signature="logOutUser()[pri:0, instance:test.PIMTest@742ff096]" started-at="2023-02-14T22:19:19 GMT-05:00" name="logOutUser" finished-at="2023-02-14T22:19:22 GMT-05:00" duration-ms="3052" status="PASS">
          <reporter-output>
          </reporter-output>
        </test-method> <!-- logOutUser -->
        <test-method is-config="true" signature="logoutUser()[pri:0, instance:test.PIMTest@742ff096]" started-at="2023-02-14T22:19:22 GMT-05:00" name="logoutUser" finished-at="2023-02-14T22:19:23 GMT-05:00" duration-ms="686" status="PASS">
          <reporter-output>
          </reporter-output>
        </test-method> <!-- logoutUser -->
      </class> <!-- test.PIMTest -->
    </test> <!-- Default test -->
  </suite> <!-- Default suite -->
</testng-results>
