<?xml version="1.0" encoding="UTF-8"?>
<testng-results ignored="0" total="3" passed="3" failed="0" skipped="0">
  <reporter-output>
  </reporter-output>
  <suite started-at="2023-02-17T08:53:39 GMT-05:00" name="Default suite" finished-at="2023-02-17T08:53:49 GMT-05:00" duration-ms="9898">
    <groups>
      <group name="regression">
        <method signature="PIMTest.verifyPimPageTitle()[pri:3, instance:test.PIMTest@742ff096]" name="verifyPimPageTitle" class="test.PIMTest"/>
        <method signature="PIMTest.verifyEmpSearchEmpId()[pri:4, instance:test.PIMTest@742ff096]" name="verifyEmpSearchEmpId" class="test.PIMTest"/>
        <method signature="PIMTest.TestIngChanges()[pri:5, instance:test.PIMTest@742ff096]" name="TestIngChanges" class="test.PIMTest"/>
      </group> <!-- regression -->
      <group name="smoke">
        <method signature="PIMTest.verifyPimPageTitle()[pri:3, instance:test.PIMTest@742ff096]" name="verifyPimPageTitle" class="test.PIMTest"/>
        <method signature="PIMTest.verifyEmpSearchEmpId()[pri:4, instance:test.PIMTest@742ff096]" name="verifyEmpSearchEmpId" class="test.PIMTest"/>
        <method signature="PIMTest.TestIngChanges()[pri:5, instance:test.PIMTest@742ff096]" name="TestIngChanges" class="test.PIMTest"/>
      </group> <!-- smoke -->
    </groups>
    <test started-at="2023-02-17T08:53:39 GMT-05:00" name="Default test" finished-at="2023-02-17T08:53:49 GMT-05:00" duration-ms="9898">
      <class name="test.PIMTest">
        <test-method is-config="true" signature="initBrowser()[pri:0, instance:test.PIMTest@742ff096]" started-at="2023-02-17T08:52:41 GMT-05:00" name="initBrowser" finished-at="2023-02-17T08:53:39 GMT-05:00" duration-ms="58106" status="PASS">
          <reporter-output>
          </reporter-output>
        </test-method> <!-- initBrowser -->
        <test-method is-config="true" signature="pageObjects()[pri:0, instance:test.PIMTest@742ff096]" started-at="2023-02-17T08:53:39 GMT-05:00" name="pageObjects" finished-at="2023-02-17T08:53:39 GMT-05:00" duration-ms="128" status="PASS">
          <reporter-output>
          </reporter-output>
        </test-method> <!-- pageObjects -->
        <test-method is-config="true" signature="login()[pri:0, instance:test.PIMTest@742ff096]" started-at="2023-02-17T08:53:39 GMT-05:00" name="login" finished-at="2023-02-17T08:53:43 GMT-05:00" duration-ms="3824" status="PASS">
          <reporter-output>
          </reporter-output>
        </test-method> <!-- login -->
        <test-method signature="verifyPimPageTitle()[pri:3, instance:test.PIMTest@742ff096]" started-at="2023-02-17T08:53:43 GMT-05:00" name="verifyPimPageTitle" finished-at="2023-02-17T08:53:46 GMT-05:00" duration-ms="2620" status="PASS">
          <reporter-output>
          </reporter-output>
        </test-method> <!-- verifyPimPageTitle -->
        <test-method signature="verifyEmpSearchEmpId()[pri:4, instance:test.PIMTest@742ff096]" started-at="2023-02-17T08:53:46 GMT-05:00" name="verifyEmpSearchEmpId" finished-at="2023-02-17T08:53:46 GMT-05:00" duration-ms="172" status="PASS">
          <reporter-output>
          </reporter-output>
        </test-method> <!-- verifyEmpSearchEmpId -->
        <test-method signature="TestIngChanges()[pri:5, instance:test.PIMTest@742ff096]" started-at="2023-02-17T08:53:46 GMT-05:00" name="TestIngChanges" finished-at="2023-02-17T08:53:46 GMT-05:00" duration-ms="4" status="PASS">
          <reporter-output>
          </reporter-output>
        </test-method> <!-- TestIngChanges -->
        <test-method is-config="true" signature="logOutUser()[pri:0, instance:test.PIMTest@742ff096]" started-at="2023-02-17T08:53:46 GMT-05:00" name="logOutUser" finished-at="2023-02-17T08:53:49 GMT-05:00" duration-ms="2987" status="PASS">
          <reporter-output>
          </reporter-output>
        </test-method> <!-- logOutUser -->
        <test-method is-config="true" signature="logoutUser()[pri:0, instance:test.PIMTest@742ff096]" started-at="2023-02-17T08:53:49 GMT-05:00" name="logoutUser" finished-at="2023-02-17T08:53:50 GMT-05:00" duration-ms="755" status="PASS">
          <reporter-output>
          </reporter-output>
        </test-method> <!-- logoutUser -->
      </class> <!-- test.PIMTest -->
    </test> <!-- Default test -->
  </suite> <!-- Default suite -->
</testng-results>
