<?xml version="1.0" encoding="UTF-8"?>
<!-- Generated by org.testng.reporters.JUnitXMLReporter -->
<testsuite ignored="0" hostname="DESKTOP-FUGQNF4" failures="0" tests="3" name="Default test" time="8.392" errors="0" timestamp="2023-02-14T22:19:22 GMT-05:00">
  <testcase classname="test.PIMTest" name="verifyPimPageTitle" time="1.935"/>
  <testcase classname="test.PIMTest" name="verifyEmpSearchEmpId" time="0.151"/>
  <testcase classname="test.PIMTest" name="TestIngChanges" time="0.002"/>
</testsuite> <!-- Default test -->
