<?xml version="1.0" encoding="UTF-8"?>
<!-- Generated by org.testng.reporters.JUnitXMLReporter -->
<testsuite ignored="0" hostname="DESKTOP-FUGQNF4" failures="0" tests="3" name="Default test" time="9.898" errors="0" timestamp="2023-02-17T08:53:49 GMT-05:00">
  <testcase classname="test.PIMTest" name="verifyPimPageTitle" time="2.62"/>
  <testcase classname="test.PIMTest" name="verifyEmpSearchEmpId" time="0.172"/>
  <testcase classname="test.PIMTest" name="TestIngChanges" time="0.004"/>
</testsuite> <!-- Default test -->
