<?xml version="1.0" encoding="UTF-8"?>
<!-- Generated by org.testng.reporters.JUnitXMLReporter -->
<testsuite ignored="2" hostname="DESKTOP-FUGQNF4" failures="0" tests="7" name="Test" time="17.159" errors="0" timestamp="2023-02-11T23:04:10 GMT-05:00">
  <testcase classname="test.LoginTest" name="verifyBuildTitleName" time="0.055"/>
  <testcase classname="test.LoginTest" name="verifyTitleOfLoginPage" time="0.709"/>
  <testcase classname="test.LoginTest" name="verifyCurrentUrlOfPage" time="0.017"/>
  <testcase classname="test.LoginTest" name="verifyLoginWithCorrectCredentials" time="3.097"/>
  <testcase classname="test.PIMTest" name="verifyPimPageTitle" time="1.887"/>
  <testcase classname="test.PIMTest" name="verifyEmpSearchEmpId" time="0.176"/>
  <testcase classname="test.PIMTest" name="TestIngChanges" time="0.001"/>
  <testcase classname="test.BaseTest" name="@AfterSuite logoutUser" time="0.0">
    <ignored/>
  </testcase> <!-- @AfterSuite logoutUser -->
  <testcase classname="test.BaseTest" name="@BeforeSuite initBrowser" time="0.0">
    <ignored/>
  </testcase> <!-- @BeforeSuite initBrowser -->
</testsuite> <!-- Test -->
